e:\cocos2d-x-2.2.3\projects\pageview\proj.win32\debug.win32\vc120.pdb
e:\cocos2d-x-2.2.3\projects\pageview\proj.win32\debug.win32\vc120.idb
e:\cocos2d-x-2.2.3\projects\pageview\proj.win32\debug.win32\appdelegate.obj
e:\cocos2d-x-2.2.3\projects\pageview\proj.win32\debug.win32\helloworldscene.obj
e:\cocos2d-x-2.2.3\projects\pageview\proj.win32\debug.win32\listview.obj
e:\cocos2d-x-2.2.3\projects\pageview\proj.win32\debug.win32\pagenode.obj
e:\cocos2d-x-2.2.3\projects\pageview\proj.win32\debug.win32\pageview.obj
e:\cocos2d-x-2.2.3\projects\pageview\proj.win32\debug.win32\main.obj
e:\cocos2d-x-2.2.3\projects\pageview\proj.win32\debug.win32\pageview.ilk
e:\cocos2d-x-2.2.3\projects\pageview\proj.win32\debug.win32\pageview.exe
e:\cocos2d-x-2.2.3\projects\pageview\proj.win32\debug.win32\pageview.pdb
e:\cocos2d-x-2.2.3\projects\pageview\proj.win32\debug.win32\libcocos2d.exp
e:\cocos2d-x-2.2.3\projects\pageview\proj.win32\debug.win32\libcocosdenshion.exp
e:\cocos2d-x-2.2.3\projects\pageview\proj.win32\debug.win32\libcocos2d.pdb
e:\cocos2d-x-2.2.3\projects\pageview\proj.win32\debug.win32\libcocosdenshion.pdb
e:\cocos2d-x-2.2.3\projects\pageview\proj.win32\debug.win32\pageview.tlog\cl.command.1.tlog
e:\cocos2d-x-2.2.3\projects\pageview\proj.win32\debug.win32\pageview.tlog\cl.read.1.tlog
e:\cocos2d-x-2.2.3\projects\pageview\proj.win32\debug.win32\pageview.tlog\cl.write.1.tlog
e:\cocos2d-x-2.2.3\projects\pageview\proj.win32\debug.win32\pageview.tlog\link.command.1.tlog
e:\cocos2d-x-2.2.3\projects\pageview\proj.win32\debug.win32\pageview.tlog\link.read.1.tlog
e:\cocos2d-x-2.2.3\projects\pageview\proj.win32\debug.win32\pageview.tlog\link.write.1.tlog
